     1                                  
     2                                  ; Megha Operating System (MOS) Kernel 
     3                                  ; Version: 0.1 (180819)
     4                                  ;
     5                                  ;--------------------------------------------------------------------------
     6                                  ; The responsibilitiess of kernel includes:
     7                                  ;--------------------------------------------------------------------------
     8                                  ;
     9                                  ; * Process/Resident Program management: Start processes, kill them, keep 
    10                                  ;                    track of their health etc.
    11                                  ; * Provide system calls: File system, Timer, Process management.
    12                                  ; * Dynamic Memory management: Allocation and deallocation of memory as needed
    13                                  ;                              by external processes.
    14                                  ; * Interrupt handlers: IRQ0 etc.
    15                                  ; * Handling and despatch of messages
    16                                  ; * Baisic error reporting from the system calls and the drivers.
    17                                  ;--------------------------------------------------------------------------
    18                                  ; MAIN BODY
    19                                  ;--------------------------------------------------------------------------
    20                                  ; In MOS, all the moduels and programs is loaded at offset 0x64. The memory
    21                                  ; above this (0 to 0x63) is for future use.
    22                                  
    23                                  	ORG 0x64
    24                                  _init:
    25 00000000 CB                      	retf
    26                                  
